Warning: Tool:rup_rose_rt: Empty content category element not published.
Warning: Discipline:rup_deployment_discipline: Empty content category element not published.
Warning: Domain:deployment: Empty content category element not published.
Warning: CustomCategory:g_reports: Empty content category element not published.
Warning: Tool:rup_rational_application_developer: Empty content category element not published.
Warning: Tool:rup_rational_software_architect: Empty content category element not published.
Warning: Activity:prepare_environment_for_project: Missing referenced element Artifact:rup_development_organization_assessment
Warning: Activity:create_project_configuration_management_cm_environments: Missing referenced element Concept:product_directory_structure
Warning: Activity:create_project_configuration_management_cm_environments: Missing referenced element Concept:workspaces
Warning: TaskDescriptor:setup_cm_environment: Missing referenced element Concept:product_directory_structure
Warning: TaskDescriptor:setup_cm_environment: Missing referenced element Concept:baselining
Warning: Activity:plan_the_project: Missing referenced element Task:compile_software_development_plan
Warning: Activity:plan_the_project: Missing referenced element Artifact:rup_development_case
Warning: TaskDescriptor:define_project_organization_and_staffing: Missing referenced element Guideline:software_development_plan
Warning: TaskDescriptor:plan_phases_and_iterations: Missing referenced element Guideline:software_development_plan
Warning: TaskDescriptor:plan_phases_and_iterations: Missing referenced element Guideline:software_development_plan
Warning: Activity:monitor_control_project: Missing referenced element Task:monitor_project_status
Warning: Activity:monitor_control_project: Missing referenced element Artifact:rup_problem_resolution_plan
Warning: TaskDescriptor:schedule_and_assign_work: Missing referenced element Task:handle_exceptions_and_problems
Warning: TaskDescriptor:report_status: Missing referenced element Artifact:rup_issues_list
Warning: TaskDescriptor:report_status: Missing referenced element Artifact:rup_project_measurements
Warning: TaskDescriptor:report_status: Missing referenced element Task:monitor_project_status
Warning: Activity:manage_the_scope_of_the_system: Missing referenced element Concept:types_of_requirements
Warning: Activity:manage_the_scope_of_the_system: Missing referenced element Artifact:rup_requirements_attributes
Warning: Activity:manage_the_scope_of_the_system: Missing referenced element Concept:traceability
Warning: Activity:manage_the_scope_of_the_system: Missing referenced element Task:manage_dependencies
Warning: Activity:manage_the_scope_of_the_system: Missing referenced element Artifact:rup_requirements_attributes
Warning: Activity:define_the_system: Missing referenced element Concept:traceability
Warning: Activity:define_the_system: Missing referenced element Task:manage_dependencies
Warning: TaskDescriptor:define_test_approach: Missing referenced element Task:define_testability_elements
Warning: Activity:manage_iteration: Missing referenced element Task:iteration_acceptance_review
Warning: Activity:manage_iteration: Missing referenced element Artifact:rup_test_plan
Warning: TaskDescriptor:assess_iteration: Missing referenced element Guideline:metrics
Warning: TaskDescriptor:assess_iteration: Missing referenced element Artifact:rup_development_organization_assessment
Warning: Milestone:Inception Milestone: Missing referenced element Task:lifecycle_milestone_review
Warning: Activity:plan_the_project: Missing referenced element Task:compile_software_development_plan
Warning: Activity:plan_the_project: Missing referenced element Artifact:rup_development_case
Warning: Activity:manage_iteration: Missing referenced element Task:iteration_acceptance_review
Warning: Activity:manage_iteration: Missing referenced element Artifact:rup_test_plan
Warning: Activity:monitor_control_project: Missing referenced element Task:monitor_project_status
Warning: Activity:monitor_control_project: Missing referenced element Artifact:rup_problem_resolution_plan
Warning: Activity:manage_changing_requirements: Missing referenced element Artifact:rup_requirements_attributes
Warning: Activity:manage_changing_requirements: Missing referenced element Concept:traceability
Warning: Activity:manage_changing_requirements: Missing referenced element Concept:traceability
Warning: Activity:manage_changing_requirements: Missing referenced element Task:manage_dependencies
Warning: TaskDescriptor:schedule_and_assign_work: Missing referenced element Task:handle_exceptions_and_problems
Warning: TaskDescriptor:identify_design_mechanisms: Missing referenced element Task:prepare_project_specific_guidelines
Warning: TaskDescriptor:identify_design_elements: Missing referenced element Artifact:rup_project_specific_guidelines
Warning: TaskDescriptor:identify_design_elements: Missing referenced element Artifact:rup_project_specific_guidelines
Warning: TaskDescriptor:structure_implementation_model: Missing referenced element Artifact:rup_project_specific_guidelines
Warning: TaskDescriptor:describe_runtime_architecture: Missing referenced element Artifact:rup_capsule
Warning: TaskDescriptor:describe_runtime_architecture: Missing referenced element Artifact:rup_capsule
Warning: TaskDescriptor:identify_design_elements: Missing referenced element Artifact:rup_project_specific_guidelines
Warning: TaskDescriptor:identify_design_elements: Missing referenced element Artifact:rup_project_specific_guidelines
Warning: TaskDescriptor:review_the_design: Missing referenced element Artifact:rup_protocol
Warning: TaskDescriptor:review_the_design: Missing referenced element Artifact:rup_capsule
Warning: Activity:design_components: Missing referenced element Task:capsule_design
Warning: TaskDescriptor:use_case_design: Missing referenced element Artifact:rup_capsule
Warning: TaskDescriptor:use_case_design: Missing referenced element Artifact:rup_capsule
Warning: TaskDescriptor:use_case_design: Missing referenced element Artifact:rup_project_specific_guidelines
Warning: TaskDescriptor:subsystem_design: Missing referenced element Artifact:rup_capsule
Warning: TaskDescriptor:subsystem_design: Missing referenced element Artifact:rup_capsule
Warning: TaskDescriptor:class_design: Missing referenced element Artifact:rup_capsule
Warning: TaskDescriptor:class_design: Missing referenced element Artifact:rup_project_specific_guidelines
Warning: TaskDescriptor:class_design: Missing referenced element Artifact:rup_capsule
Warning: TaskDescriptor:class_design: Missing referenced element Artifact:rup_capsule
Warning: TaskDescriptor:class_design: Missing referenced element Artifact:rup_project_specific_guidelines
Warning: TaskDescriptor:review_the_design: Missing referenced element Artifact:rup_protocol
Warning: TaskDescriptor:review_the_design: Missing referenced element Artifact:rup_capsule
Warning: TaskDescriptor:class_design: Missing referenced element Artifact:rup_capsule
Warning: TaskDescriptor:class_design: Missing referenced element Artifact:rup_project_specific_guidelines
Warning: TaskDescriptor:class_design: Missing referenced element Artifact:rup_capsule
Warning: TaskDescriptor:class_design: Missing referenced element Artifact:rup_capsule
Warning: TaskDescriptor:class_design: Missing referenced element Artifact:rup_project_specific_guidelines
Warning: TaskDescriptor:review_the_design: Missing referenced element Artifact:rup_protocol
Warning: TaskDescriptor:review_the_design: Missing referenced element Artifact:rup_capsule
Warning: TaskDescriptor:perform_developer_test: Missing referenced element Task:create_development_workspace
Warning: TaskDescriptor:perform_developer_test: Missing referenced element Task:make_changes_to_configuration_items
Warning: TaskDescriptor:perform_developer_test: Missing referenced element Task:deliver_changes
Warning: TaskDescriptor:perform_developer_test: Missing referenced element Task:update_workspace
Warning: TaskDescriptor:perform_developer_test: Missing referenced element Task:create_development_workspace
Warning: TaskDescriptor:perform_developer_test: Missing referenced element Task:make_changes_to_configuration_items
Warning: TaskDescriptor:perform_developer_test: Missing referenced element Task:deliver_changes
Warning: TaskDescriptor:perform_developer_test: Missing referenced element Task:update_workspace
Warning: TaskDescriptor:integrate_system: Missing referenced element Task:create_baseline
Warning: TaskDescriptor:integrate_system: Missing referenced element Task:promote_baseline
Warning: TaskDescriptor:define_test_approach: Missing referenced element Task:define_testability_elements
Warning: Milestone:Elaboration Milestone: Missing referenced element Task:lifecycle_milestone_review
Warning: Milestone:Construction Milestone: Missing referenced element Task:lifecycle_milestone_review
Warning: Milestone:Transition Milestone: Missing referenced element Task:lifecycle_milestone_review
Warning: Milestone:Transition Milestone: Missing referenced element Task:project_acceptance_review
Warning: Role:rup_system_analyst: Missing referenced element Role:rup_deployment_manager
Warning: Guideline:important_decisions_in_requirements: Missing referenced element Artifact:rup_requirements_attributes
Warning: Guideline:important_decisions_in_requirements: Missing referenced element Artifact:rup_requirements_management_plan
Warning: Guideline:important_decisions_in_requirements: Missing referenced element Concept:traceability
Warning: Guideline:important_decisions_in_requirements: Missing referenced element Concept:traceability
Warning: Guideline:software_requirements_specification: Missing referenced element Concept:types_of_requirements
Warning: Concept:change_request_management: Missing referenced element Task:establish_project_change_control_process
Warning: ToolMentor:manage_dependencies_tm: Missing referenced element Concept:types_of_requirements
Warning: ToolMentor:manage_dependencies_tm: Missing referenced element Concept:types_of_requirements
Warning: ToolMentor:manage_dependencies_tm: Missing referenced element Concept:traceability
Warning: ToolMentor:elicit_stakeholder_requests_tm: Missing referenced element Concept:types_of_requirements
Warning: ToolMentor:elicit_stakeholder_requests_tm: Missing referenced element Concept:traceability
Warning: ToolMentor:elicit_stakeholder_requests_tm: Missing referenced element Task:manage_dependencies
Warning: ToolMentor:setup_reqpro: Missing referenced element Concept:traceability
Warning: ToolMentor:create_use_case_model_survey: Missing referenced element Report:use-case_model_survey
Warning: ToolMentor:create_actor_report: Missing referenced element Report:actor_report_-_actor_name
Warning: ToolMentor:create_use_case_report: Missing referenced element Report:use_case_specification_use-case_name
Warning: ToolMentor:create_sad: Missing referenced element Report:design-model_survey
Warning: ToolMentor:create_sad: Missing referenced element Report:use-case_realization_use-case_name
Warning: ToolMentor:create_use_case_real_report: Missing referenced element Report:use-case_realization_use-case_name
Warning: ToolMentor:create_design_model_survey_report: Missing referenced element Report:design-model_survey
Warning: ToolMentor:create_class_report: Missing referenced element Report:class_report_class_name
Warning: ToolMentor:create_package_report: Missing referenced element Report:design_package_subsystem
Warning: Task:class_design: Missing referenced element Artifact:rup_capsule
Warning: Task:class_design: Missing referenced element Artifact:rup_project_specific_guidelines
Warning: Task:class_design: Missing referenced element Artifact:rup_capsule
Warning: Task:class_design: Missing referenced element Artifact:rup_capsule
Warning: Task:class_design: Missing referenced element Artifact:rup_project_specific_guidelines
Warning: Task:subsystem_design: Missing referenced element Artifact:rup_capsule
Warning: Task:subsystem_design: Missing referenced element Artifact:rup_capsule
Warning: Task:use_case_design: Missing referenced element Artifact:rup_capsule
Warning: Task:use_case_design: Missing referenced element Artifact:rup_capsule
Warning: Task:use_case_design: Missing referenced element Artifact:rup_project_specific_guidelines
Warning: Artifact:rup_design_subsystem: Missing referenced element Artifact:rup_project_specific_guidelines
Warning: Guideline:design_subsystem: Missing referenced element Artifact:rup_project_specific_guidelines
Warning: Guideline:design_subsystem: Missing referenced element Artifact:rup_project_specific_guidelines
Warning: Task:perform_developer_test: Missing referenced element Task:create_development_workspace
Warning: Task:perform_developer_test: Missing referenced element Task:make_changes_to_configuration_items
Warning: Task:perform_developer_test: Missing referenced element Task:deliver_changes
Warning: Task:perform_developer_test: Missing referenced element Task:update_workspace
Warning: Artifact:rup_implementation_element: Missing referenced element Guideline:implementation_element
Warning: Artifact:rup_implementation_element: Missing referenced element Guideline:implementation_element
Warning: Concept:developer_testing: Missing referenced element Concept:stubs
Warning: Concept:mapping_from_design_to_code: Missing referenced element Artifact:rup_development_case
Warning: Concept:mapping_from_design_to_code: Missing referenced element Artifact:rup_project_specific_guidelines
Warning: Task:integrate_system: Missing referenced element Task:create_baseline
Warning: Task:integrate_system: Missing referenced element Task:promote_baseline
Warning: Task:describe_runtime_architecture: Missing referenced element Artifact:rup_capsule
Warning: Task:describe_runtime_architecture: Missing referenced element Artifact:rup_capsule
Warning: Task:identify_design_elements: Missing referenced element Artifact:rup_project_specific_guidelines
Warning: Task:identify_design_elements: Missing referenced element Artifact:rup_project_specific_guidelines
Warning: Task:identify_design_mechanisms: Missing referenced element Task:prepare_project_specific_guidelines
Warning: Task:structure_implementation_model: Missing referenced element Artifact:rup_project_specific_guidelines
Warning: Concept:concurrency: Missing referenced element Artifact:rup_capsule
Warning: Concept:concurrency: Missing referenced element Artifact:rup_capsule
Warning: Concept:concurrency: Missing referenced element Artifact:rup_protocol
Warning: Concept:design_and_implementation_mechanisms: Missing referenced element Artifact:rup_project_specific_guidelines
Warning: Concept:software_architecture: Missing referenced element Artifact:rup_project_specific_guidelines
Warning: Task:review_the_design: Missing referenced element Artifact:rup_protocol
Warning: Task:review_the_design: Missing referenced element Artifact:rup_capsule
Warning: Concept:component: Missing referenced element Guideline:implementation_element
Warning: Guideline:important_decisions_in_analysis_design: Missing referenced element Artifact:rup_protocol
Warning: Guideline:important_decisions_in_analysis_design: Missing referenced element Artifact:rup_capsule
Warning: Guideline:important_decisions_in_implementation: Missing referenced element Artifact:rup_test_plan
Warning: Guideline:concurrency: Missing referenced element Artifact:rup_capsule
Warning: Guideline:concurrency: Missing referenced element Artifact:rup_protocol
Warning: Guideline:design_model: Missing referenced element Artifact:rup_project_specific_guidelines
Warning: Concept:structured_class: Missing referenced element Artifact:rup_capsule
Warning: Concept:structured_class: Missing referenced element Guideline:capsule
Warning: Concept:structured_class: Missing referenced element Artifact:rup_capsule
Warning: Concept:structured_class: Missing referenced element Guideline:capsule
Warning: Concept:process_view: Missing referenced element Artifact:rup_capsule
Warning: Concept:process_view: Missing referenced element Artifact:rup_capsule
Warning: Concept:process_view: Missing referenced element Artifact:rup_protocol
Warning: Guideline:software_architecture_document: Missing referenced element Artifact:rup_project_specific_guidelines
Warning: Guideline:implementation_model: Missing referenced element Guideline:implementation_element
Warning: Artifact:rup_project_repository: Missing referenced element Artifact:rup_cm_plan
Warning: Task:setup_cm_environment: Missing referenced element Concept:product_directory_structure
Warning: Task:setup_cm_environment: Missing referenced element Concept:baselining
Warning: Task:assess_iteration: Missing referenced element Guideline:metrics
Warning: Task:assess_iteration: Missing referenced element Artifact:rup_development_organization_assessment
Warning: Task:define_project_organization_and_staffing: Missing referenced element Guideline:software_development_plan
Warning: Task:plan_phases_and_iterations: Missing referenced element Guideline:software_development_plan
Warning: Task:plan_phases_and_iterations: Missing referenced element Guideline:software_development_plan
Warning: Task:report_status: Missing referenced element Artifact:rup_issues_list
Warning: Task:report_status: Missing referenced element Artifact:rup_project_measurements
Warning: Task:report_status: Missing referenced element Task:monitor_project_status
Warning: Task:schedule_and_assign_work: Missing referenced element Task:handle_exceptions_and_problems
Warning: Concept:development_environment: Missing referenced element Artifact:rup_development_case
Warning: Concept:development_environment: Missing referenced element Artifact:rup_tools
Warning: Concept:development_environment: Missing referenced element Artifact:rup_project_specific_templates
Warning: Concept:development_environment: Missing referenced element Artifact:rup_project_specific_guidelines
Warning: Concept:development_environment: Missing referenced element Artifact:rup_cm_plan
Warning: Concept:development_environment: Missing referenced element Artifact:rup_manual_styleguide
Warning: Concept:development_environment: Missing referenced element Artifact:rup_test_plan
Warning: Concept:development_environment: Missing referenced element Artifact:rup_project_specific_guidelines
Warning: Concept:development_environment: Missing referenced element Artifact:rup_project_specific_guidelines
Warning: Concept:development_environment: Missing referenced element Artifact:rup_test_environment_configuration
Warning: Concept:measuring_quality: Missing referenced element Guideline:metrics
Warning: Concept:measuring_quality: Missing referenced element Guideline:metrics
Warning: Concept:metrics: Missing referenced element Guideline:metrics
Warning: Guideline:important_decisions_in_configuration_change_management: Missing referenced element Artifact:rup_configuration_audit_findings
Warning: Guideline:important_decisions_in_configuration_change_management: Missing referenced element Artifact:rup_cm_plan
Warning: Guideline:important_decisions_in_configuration_change_management: Missing referenced element Artifact:rup_workspace
Warning: CapabilityPattern:environment: Missing referenced element Artifact:rup_manual_styleguide
Warning: CapabilityPattern:environment: Missing referenced element Artifact:rup_support_material
Warning: CapabilityPattern:environment: Missing referenced element Artifact:rup_development_case
Warning: Concept:environment_practices: Missing referenced element Artifact:rup_development_organization_assessment
Warning: Concept:environment_practices: Missing referenced element Guideline:assessment_workshop
Warning: Concept:environment_practices: Missing referenced element Role:rup_tool_specialist
Warning: Concept:implementing_a_process_in_a_project: Missing referenced element Artifact:rup_development_organization_assessment
Warning: Concept:implementing_a_process_in_a_project: Missing referenced element Artifact:rup_development_organization_assessment
Warning: Concept:implementing_a_process_in_a_project: Missing referenced element Artifact:rup_tools
Warning: Concept:implementing_a_process_in_a_project: Missing referenced element Artifact:rup_requirements_management_plan
Warning: Concept:implementing_a_process_in_a_project: Missing referenced element Artifact:rup_tools
Warning: CapabilityPattern:project_management: Missing referenced element Artifact:rup_software_development_plan
Warning: CapabilityPattern:project_management: Missing referenced element Artifact:rup_software_development_plan
Warning: CapabilityPattern:project_management: Missing referenced element Task:iteration_acceptance_review
Warning: CapabilityPattern:project_management: Missing referenced element Artifact:rup_test_plan
Warning: CapabilityPattern:project_management: Missing referenced element Task:project_acceptance_review
Warning: Guideline:important_decisions_in_project_management: Missing referenced element Artifact:rup_measurement_plan
Warning: Guideline:important_decisions_in_project_management: Missing referenced element Artifact:rup_problem_resolution_plan
Warning: Guideline:important_decisions_in_project_management: Missing referenced element Artifact:rup_product_acceptance_plan
Warning: Guideline:important_decisions_in_project_management: Missing referenced element Artifact:rup_quality_assurance_plan
Warning: Guideline:important_decisions_in_project_management: Missing referenced element Artifact:rup_risk_management_plan
Warning: Guideline:important_decisions_in_project_management: Missing referenced element Artifact:rup_project_measurements
Warning: Concept:iteration: Missing referenced element Guideline:software_development_plan
Warning: Concept:agile_practices_and_rup: Missing referenced element Artifact:rup_test_plan
Warning: Concept:agile_practices_and_rup: Missing referenced element Artifact:rup_test_case
Warning: Concept:agile_practices_and_rup: Missing referenced element Artifact:rup_test_script
Warning: Concept:agile_practices_and_rup: Missing referenced element Artifact:rup_test_data
Warning: Concept:agile_practices_and_rup: Missing referenced element Artifact:rup_deployment_unit
Warning: Concept:agile_practices_and_rup: Missing referenced element Artifact:rup_release_notes
Warning: Concept:agile_practices_and_rup: Missing referenced element Artifact:rup_project_specific_guidelines
Warning: Concept:agile_practices_and_rup: Missing referenced element Artifact:rup_development_case
Warning: Concept:agile_practices_and_rup: Missing referenced element Artifact:rup_test_environment_configuration
Warning: Concept:agile_practices_and_rup: Missing referenced element Artifact:rup_workspace
Warning: Concept:agile_practices_and_rup: Missing referenced element Artifact:rup_project_specific_guidelines
Warning: Concept:agile_practices_and_rup: Missing referenced element Artifact:rup_support_material
Warning: Concept:agile_practices_and_rup: Missing referenced element Artifact:rup_support_material
Warning: Concept:agile_practices_and_rup: Missing referenced element Role:rup_deployment_manager
Warning: Concept:agile_practices_and_rup: Missing referenced element Role:rup_technical_writer
Warning: ToolMentor:creating_test_plan: Missing referenced element Artifact:rup_test_plan
Warning: ToolMentor:create_test_case: Missing referenced element Artifact:rup_test_case
Warning: Artifact:rup_test_ideas_list: Missing referenced element Artifact:rup_test_case
Warning: Artifact:rup_test_ideas_list: Missing referenced element Artifact:rup_test_script
Warning: Artifact:rup_test_ideas_list: Missing referenced element Artifact:rup_test_plan
Warning: Task:define_test_approach: Missing referenced element Task:define_testability_elements
Warning: Guideline:important_decisions_in_test: Missing referenced element Artifact:rup_test_plan
Warning: Guideline:important_decisions_in_test: Missing referenced element Artifact:rup_test_plan
Warning: Guideline:important_decisions_in_test: Missing referenced element Artifact:rup_test_script
Warning: Guideline:important_decisions_in_test: Missing referenced element Artifact:rup_test_data
Warning: Guideline:important_decisions_in_test: Missing referenced element Artifact:rup_test_case
Warning: Guideline:important_decisions_in_test: Missing referenced element Artifact:rup_workload_analysis_model
Warning: Guideline:important_decisions_in_test: Missing referenced element Artifact:rup_test_class
Warning: Guideline:important_decisions_in_test: Missing referenced element Artifact:rup_test_component
Warning: Guideline:important_decisions_in_test: Missing referenced element Concept:stubs
Warning: Guideline:important_decisions_in_test: Missing referenced element Artifact:rup_test_automation_architecture
Warning: Guideline:important_decisions_in_test: Missing referenced element Artifact:rup_test_interface_specification
Warning: Concept:levels_of_test: Missing referenced element Concept:acceptance_testing
Warning: SupportingMaterial:continuously_verify_quality: Missing referenced element CapabilityPattern:deployment
Warning: Concept:types_of_test: Missing referenced element Concept:performance_testing
Warning: Concept:test-ideas_list: Missing referenced element Task:define_assessment_and_traceability_needs
Warning: SupportingMaterial:process_essentials: Missing referenced element CapabilityPattern:deployment
Warning: Concept:developing_component_solutions: Missing referenced element Task:prepare_project_specific_guidelines
Warning: Concept:developing_component_solutions: Missing referenced element Artifact:rup_project_specific_guidelines
Warning: Concept:developing_e-business_solutions: Missing referenced element Concept:performance_testing
Warning: Concept:developing_e-business_solutions: Missing referenced element Task:prepare_project_specific_guidelines
Warning: Concept:developing_e-business_solutions: Missing referenced element Artifact:rup_project_specific_guidelines
Warning: Concept:developing_e-business_solutions: Missing referenced element Task:prepare_project_specific_guidelines
Warning: Concept:usability_engineering: Missing referenced element Role:rup_deployment_manager
Warning: Concept:usability_engineering: Missing referenced element Role:rup_course_developer
Warning: Concept:usability_engineering: Missing referenced element Role:rup_technical_writer
Warning: Concept:usability_engineering: Missing referenced element Guideline:assessment_workshop
Warning: Concept:usability_engineering: Missing referenced element Task:manage_dependencies
Warning: Concept:usability_engineering: Missing referenced element Artifact:rup_requirements_attributes
Warning: Concept:usability_engineering: Missing referenced element Concept:performance_testing
Warning: Concept:usability_engineering: Missing referenced element Activity:beta_test_product
Warning: Concept:usability_engineering: Missing referenced element Activity:manage_acceptance_test
Warning: Concept:usability_engineering: Missing referenced element Activity:develop_support_material
Warning: Concept:usability_engineering: Missing referenced element Task:develop_development_case
Warning: Concept:usability_engineering: Missing referenced element Artifact:rup_development_case
Warning: Concept:usability_engineering: Missing referenced element Task:prepare_project_specific_guidelines
Warning: Concept:usability_engineering: Missing referenced element Artifact:rup_project_specific_guidelines
Warning: Concept:usability_engineering: Missing referenced element Task:lifecycle_milestone_review
Warning: Concept:usability_engineering: Missing referenced element Concept:performance_testing
Warning: Concept:usability_engineering: Missing referenced element Concept:performance_testing
Warning: Concept:usability_engineering: Missing referenced element Artifact:rup_project_specific_guidelines
Warning: Concept:usability_engineering: Missing referenced element CapabilityPattern:deployment
Warning: SupportingMaterial:welcome: Missing referenced element Discipline:rup_business_modeling_discipline
Warning: Activity:manage_the_scope_of_the_system: Missing referenced element Concept:types_of_requirements
Warning: Activity:manage_the_scope_of_the_system: Missing referenced element Artifact:rup_requirements_attributes
Warning: Activity:manage_the_scope_of_the_system: Missing referenced element Concept:traceability
Warning: Activity:manage_the_scope_of_the_system: Missing referenced element Task:manage_dependencies
Warning: Activity:manage_the_scope_of_the_system: Missing referenced element Artifact:rup_requirements_attributes
Warning: Activity:define_the_system: Missing referenced element Concept:traceability
Warning: Activity:define_the_system: Missing referenced element Task:manage_dependencies
Warning: Concept:lifecycle_objectives: Missing referenced element Artifact:rup_product_acceptance_plan
Warning: Concept:lifecycle_architecture: Missing referenced element Artifact:rup_test_automation_architecture
Warning: Concept:lifecycle_architecture: Missing referenced element Artifact:rup_test_plan
Warning: Concept:lifecycle_architecture: Missing referenced element Artifact:rup_support_material
Warning: Concept:initial_operational_capability: Missing referenced element Artifact:rup_deployment_plan
Warning: Concept:initial_operational_capability: Missing referenced element Artifact:rup_support_material
Warning: Activity:close-out_project: Missing referenced element Task:project_acceptance_review
Warning: Concept:product_release: Missing referenced element Task:project_acceptance_review
Warning: Concept:product_release: Missing referenced element Artifact:rup_product
Warning: Concept:product_release: Missing referenced element Artifact:rup_support_material
Warning: Guideline:testing_and_evaluating_classes: Missing referenced element Concept:stubs
Warning: Guideline:implementation_subsystem: Missing referenced element Artifact:rup_project_specific_guidelines
Warning: Guideline:testing_and_evaluating_components: Missing referenced element Concept:stubs
Warning: Guideline:development_process_workshop: Missing referenced element Role:rup_tool_specialist
Warning: Guideline:process_tailoring_practices: Missing referenced element Artifact:rup_product
Warning: Guideline:requirements_workshop: Missing referenced element Artifact:rup_requirements_attributes
Warning: Guideline:test_case: Missing referenced element Artifact:rup_workload_analysis_model
Warning: Guideline:test_case: Missing referenced element Guideline:test_data
Warning: Guideline:use-case_workshop: Missing referenced element Concept:types_of_requirements
Warning: Guideline:use-case_workshop: Missing referenced element Concept:traceability
Warning: Guideline:use-case_workshop: Missing referenced element Concept:types_of_requirements
Warning: Guideline:use-case_workshop: Missing referenced element Concept:traceability
Warning: Example:collegiate_sports_paging_system: Missing referenced element Artifact:rup_development_case
Warning: Example:collegiate_sports_paging_system: Missing referenced element Artifact:rup_requirements_management_plan
Warning: Example:collegiate_sports_paging_system: Missing referenced element Artifact:rup_test_plan
Warning: Example:collegiate_sports_paging_system: Missing referenced element Artifact:rup_release_notes
Warning: RoleDescriptor:rup_system_analyst: Missing referenced element Role:rup_deployment_manager
Warning: WorkProductDescriptor:rup_implementation_element: Missing referenced element Guideline:implementation_element
Warning: WorkProductDescriptor:rup_implementation_element: Missing referenced element Guideline:implementation_element
Warning: WorkProductDescriptor:rup_project_repository: Missing referenced element Artifact:rup_cm_plan
Warning: WorkProductDescriptor:rup_test_ideas_list: Missing referenced element Artifact:rup_test_case
Warning: WorkProductDescriptor:rup_test_ideas_list: Missing referenced element Artifact:rup_test_script
Warning: WorkProductDescriptor:rup_test_ideas_list: Missing referenced element Artifact:rup_test_plan
Warning: Activity:prepare_environment_for_project: Missing referenced element Artifact:rup_development_organization_assessment
Warning: Artifact:rup_development_organization_assessment: IUPP0003W: Element was not published because it is not a valid element in the configuration.
Warning: Activity:create_project_configuration_management_cm_environments: Missing referenced element Concept:product_directory_structure
Warning: Activity:create_project_configuration_management_cm_environments: Missing referenced element Concept:workspaces
Warning: Concept:product_directory_structure: IUPP0003W: Element was not published because it is not a valid element in the configuration.
Warning: Concept:workspaces: IUPP0003W: Element was not published because it is not a valid element in the configuration.
Warning: Concept:baselining: IUPP0003W: Element was not published because it is not a valid element in the configuration.
Warning: Task:compile_software_development_plan: IUPP0003W: Element was not published because it is not a valid element in the configuration.
Warning: Artifact:rup_development_case: IUPP0003W: Element was not published because it is not a valid element in the configuration.
Warning: Activity:Refine the Project Plan: Missing referenced element Task:compile_software_development_plan
Warning: Activity:Refine the Project Plan: Missing referenced element Artifact:rup_development_case
Warning: Guideline:software_development_plan: IUPP0003W: Element was not published because it is not a valid element in the configuration.
Warning: Activity:monitor_control_project: Missing referenced element Task:monitor_project_status
Warning: Activity:monitor_control_project: Missing referenced element Artifact:rup_problem_resolution_plan
Warning: Task:monitor_project_status: IUPP0003W: Element was not published because it is not a valid element in the configuration.
Warning: Artifact:rup_problem_resolution_plan: IUPP0003W: Element was not published because it is not a valid element in the configuration.
Warning: Task:handle_exceptions_and_problems: IUPP0003W: Element was not published because it is not a valid element in the configuration.
Warning: Artifact:rup_issues_list: IUPP0003W: Element was not published because it is not a valid element in the configuration.
Warning: Artifact:rup_project_measurements: IUPP0003W: Element was not published because it is not a valid element in the configuration.
Warning: Concept:types_of_requirements: IUPP0003W: Element was not published because it is not a valid element in the configuration.
Warning: Artifact:rup_requirements_attributes: IUPP0003W: Element was not published because it is not a valid element in the configuration.
Warning: Concept:traceability: IUPP0003W: Element was not published because it is not a valid element in the configuration.
Warning: Task:manage_dependencies: IUPP0003W: Element was not published because it is not a valid element in the configuration.
Warning: RoleDescriptor:rup_system_analyst: Missing referenced element Role:rup_deployment_manager
Warning: Activity:manage_the_scope_of_the_system: Missing referenced element Concept:types_of_requirements
Warning: Activity:manage_the_scope_of_the_system: Missing referenced element Artifact:rup_requirements_attributes
Warning: Activity:manage_the_scope_of_the_system: Missing referenced element Concept:traceability
Warning: Activity:manage_the_scope_of_the_system: Missing referenced element Task:manage_dependencies
Warning: Activity:manage_the_scope_of_the_system: Missing referenced element Artifact:rup_requirements_attributes
Warning: Activity:manage_changing_requirements: Missing referenced element Artifact:rup_requirements_attributes
Warning: Activity:manage_changing_requirements: Missing referenced element Concept:traceability
Warning: Activity:manage_changing_requirements: Missing referenced element Concept:traceability
Warning: Activity:manage_changing_requirements: Missing referenced element Task:manage_dependencies
Warning: RoleDescriptor:rup_system_analyst: Missing referenced element Role:rup_deployment_manager
Warning: Task:define_testability_elements: IUPP0003W: Element was not published because it is not a valid element in the configuration.
Warning: Activity:manage_iteration: Missing referenced element Task:iteration_acceptance_review
Warning: Activity:manage_iteration: Missing referenced element Artifact:rup_test_plan
Warning: Task:iteration_acceptance_review: IUPP0003W: Element was not published because it is not a valid element in the configuration.
Warning: Artifact:rup_test_plan: IUPP0003W: Element was not published because it is not a valid element in the configuration.
Warning: Guideline:metrics: IUPP0003W: Element was not published because it is not a valid element in the configuration.
Warning: Task:lifecycle_milestone_review: IUPP0003W: Element was not published because it is not a valid element in the configuration.
Warning: RoleDescriptor:rup_system_analyst: Missing referenced element Role:rup_deployment_manager
Warning: WorkProductDescriptor:rup_project_repository: Missing referenced element Artifact:rup_cm_plan
Warning: WorkProductDescriptor:rup_test_ideas_list: Missing referenced element Artifact:rup_test_case
Warning: WorkProductDescriptor:rup_test_ideas_list: Missing referenced element Artifact:rup_test_script
Warning: WorkProductDescriptor:rup_test_ideas_list: Missing referenced element Artifact:rup_test_plan
Warning: Activity:plan_the_project: Missing referenced element Task:compile_software_development_plan
Warning: Activity:plan_the_project: Missing referenced element Artifact:rup_development_case
Warning: RoleDescriptor:rup_system_analyst: Missing referenced element Role:rup_deployment_manager
Warning: RoleDescriptor:rup_system_analyst: Missing referenced element Role:rup_deployment_manager
Warning: WorkProductDescriptor:rup_design_subsystem: Missing referenced element Artifact:rup_project_specific_guidelines
Warning: WorkProductDescriptor:rup_design_subsystem: Missing referenced element Artifact:rup_project_specific_guidelines
Warning: Task:prepare_project_specific_guidelines: IUPP0003W: Element was not published because it is not a valid element in the configuration.
Warning: Artifact:rup_project_specific_guidelines: IUPP0003W: Element was not published because it is not a valid element in the configuration.
Warning: Artifact:rup_capsule: IUPP0003W: Element was not published because it is not a valid element in the configuration.
Warning: WorkProductDescriptor:rup_design_subsystem: Missing referenced element Artifact:rup_project_specific_guidelines
Warning: WorkProductDescriptor:rup_design_subsystem: Missing referenced element Artifact:rup_project_specific_guidelines
Warning: Artifact:rup_protocol: IUPP0003W: Element was not published because it is not a valid element in the configuration.
Warning: WorkProductDescriptor:rup_design_subsystem: Missing referenced element Artifact:rup_project_specific_guidelines
Warning: Activity:design_components: Missing referenced element Task:capsule_design
Warning: Task:capsule_design: IUPP0003W: Element was not published because it is not a valid element in the configuration.
Warning: WorkProductDescriptor:rup_implementation_element: Missing referenced element Guideline:implementation_element
Warning: WorkProductDescriptor:rup_implementation_element: Missing referenced element Guideline:implementation_element
Warning: Task:create_development_workspace: IUPP0003W: Element was not published because it is not a valid element in the configuration.
Warning: Task:make_changes_to_configuration_items: IUPP0003W: Element was not published because it is not a valid element in the configuration.
Warning: Task:deliver_changes: IUPP0003W: Element was not published because it is not a valid element in the configuration.
Warning: Task:update_workspace: IUPP0003W: Element was not published because it is not a valid element in the configuration.
Warning: WorkProductDescriptor:rup_implementation_element: Missing referenced element Guideline:implementation_element
Warning: WorkProductDescriptor:rup_implementation_element: Missing referenced element Guideline:implementation_element
Warning: WorkProductDescriptor:rup_test_ideas_list: Missing referenced element Artifact:rup_test_case
Warning: WorkProductDescriptor:rup_test_ideas_list: Missing referenced element Artifact:rup_test_script
Warning: WorkProductDescriptor:rup_test_ideas_list: Missing referenced element Artifact:rup_test_plan
Warning: Task:create_baseline: IUPP0003W: Element was not published because it is not a valid element in the configuration.
Warning: Task:promote_baseline: IUPP0003W: Element was not published because it is not a valid element in the configuration.
Warning: WorkProductDescriptor:rup_test_ideas_list: Missing referenced element Artifact:rup_test_case
Warning: WorkProductDescriptor:rup_test_ideas_list: Missing referenced element Artifact:rup_test_script
Warning: WorkProductDescriptor:rup_test_ideas_list: Missing referenced element Artifact:rup_test_plan
Warning: WorkProductDescriptor:rup_test_ideas_list: Missing referenced element Artifact:rup_test_case
Warning: WorkProductDescriptor:rup_test_ideas_list: Missing referenced element Artifact:rup_test_script
Warning: WorkProductDescriptor:rup_test_ideas_list: Missing referenced element Artifact:rup_test_plan
Warning: WorkProductDescriptor:rup_test_ideas_list: Missing referenced element Artifact:rup_test_case
Warning: WorkProductDescriptor:rup_test_ideas_list: Missing referenced element Artifact:rup_test_script
Warning: WorkProductDescriptor:rup_test_ideas_list: Missing referenced element Artifact:rup_test_plan
Warning: Task:project_acceptance_review: IUPP0003W: Element was not published because it is not a valid element in the configuration.
Warning: Activity:understand_stakeholder_needs: Missing referenced element Artifact:rup_requirements_attributes
Warning: Activity:understand_stakeholder_needs: Missing referenced element Concept:traceability
Warning: Activity:understand_stakeholder_needs: Missing referenced element Task:manage_dependencies
Warning: Activity:define_the_system: Missing referenced element Concept:traceability
Warning: Activity:define_the_system: Missing referenced element Task:manage_dependencies
Warning: Activity:analyze_the_problem: Missing referenced element Artifact:rup_requirements_management_plan
Warning: Activity:analyze_the_problem: Missing referenced element Concept:types_of_requirements
Warning: Activity:analyze_the_problem: Missing referenced element Artifact:rup_requirements_attributes
Warning: Activity:analyze_the_problem: Missing referenced element Concept:traceability
Warning: Activity:analyze_the_problem: Missing referenced element Task:develop_rm_plan
Warning: RoleDescriptor:rup_system_analyst: Missing referenced element Role:rup_deployment_manager
Warning: RoleDescriptor:rup_system_analyst: Missing referenced element Role:rup_deployment_manager
Warning: Role:rup_deployment_manager: IUPP0003W: Element was not published because it is not a valid element in the configuration.
Warning: Artifact:rup_requirements_management_plan: IUPP0003W: Element was not published because it is not a valid element in the configuration.
Warning: Task:establish_project_change_control_process: IUPP0003W: Element was not published because it is not a valid element in the configuration.
Warning: Activity:close-out_phase: Missing referenced element Task:lifecycle_milestone_review
Warning: Activity:close-out_project: Missing referenced element Task:project_acceptance_review
Warning: Report:use-case_model_survey: IUPP0003W: Element was not published because it is not a valid element in the configuration.
Warning: Report:actor_report_-_actor_name: IUPP0003W: Element was not published because it is not a valid element in the configuration.
Warning: Report:use_case_specification_use-case_name: IUPP0003W: Element was not published because it is not a valid element in the configuration.
Warning: Report:design-model_survey: IUPP0003W: Element was not published because it is not a valid element in the configuration.
Warning: Report:use-case_realization_use-case_name: IUPP0003W: Element was not published because it is not a valid element in the configuration.
Warning: Report:class_report_class_name: IUPP0003W: Element was not published because it is not a valid element in the configuration.
Warning: Report:design_package_subsystem: IUPP0003W: Element was not published because it is not a valid element in the configuration.
Warning: Guideline:implementation_element: IUPP0003W: Element was not published because it is not a valid element in the configuration.
Warning: Concept:stubs: IUPP0003W: Element was not published because it is not a valid element in the configuration.
Warning: TaskDescriptor:structure_implementation_model: Missing referenced element Artifact:rup_project_specific_guidelines
Warning: Guideline:capsule: IUPP0003W: Element was not published because it is not a valid element in the configuration.
Warning: WorkProductDescriptor:rup_project_repository: Missing referenced element Artifact:rup_cm_plan
Warning: WorkProductDescriptor:rup_project_repository: Missing referenced element Artifact:rup_cm_plan
Warning: Artifact:rup_cm_plan: IUPP0003W: Element was not published because it is not a valid element in the configuration.
Warning: TaskDescriptor:define_project_organization_and_staffing: Missing referenced element Guideline:software_development_plan
Warning: TaskDescriptor:plan_phases_and_iterations: Missing referenced element Guideline:software_development_plan
Warning: TaskDescriptor:plan_phases_and_iterations: Missing referenced element Guideline:software_development_plan
Warning: Artifact:rup_tools: IUPP0003W: Element was not published because it is not a valid element in the configuration.
Warning: Artifact:rup_project_specific_templates: IUPP0003W: Element was not published because it is not a valid element in the configuration.
Warning: Artifact:rup_manual_styleguide: IUPP0003W: Element was not published because it is not a valid element in the configuration.
Warning: Artifact:rup_test_environment_configuration: IUPP0003W: Element was not published because it is not a valid element in the configuration.
Warning: Artifact:rup_configuration_audit_findings: IUPP0003W: Element was not published because it is not a valid element in the configuration.
Warning: Artifact:rup_workspace: IUPP0003W: Element was not published because it is not a valid element in the configuration.
Warning: Artifact:rup_support_material: IUPP0003W: Element was not published because it is not a valid element in the configuration.
Warning: Guideline:assessment_workshop: IUPP0003W: Element was not published because it is not a valid element in the configuration.
Warning: Role:rup_tool_specialist: IUPP0003W: Element was not published because it is not a valid element in the configuration.
Warning: Artifact:rup_software_development_plan: IUPP0003W: Element was not published because it is not a valid element in the configuration.
Warning: Artifact:rup_measurement_plan: IUPP0003W: Element was not published because it is not a valid element in the configuration.
Warning: Artifact:rup_product_acceptance_plan: IUPP0003W: Element was not published because it is not a valid element in the configuration.
Warning: Artifact:rup_quality_assurance_plan: IUPP0003W: Element was not published because it is not a valid element in the configuration.
Warning: Artifact:rup_risk_management_plan: IUPP0003W: Element was not published because it is not a valid element in the configuration.
Warning: Artifact:rup_test_case: IUPP0003W: Element was not published because it is not a valid element in the configuration.
Warning: Artifact:rup_test_script: IUPP0003W: Element was not published because it is not a valid element in the configuration.
Warning: Artifact:rup_test_data: IUPP0003W: Element was not published because it is not a valid element in the configuration.
Warning: Artifact:rup_deployment_unit: IUPP0003W: Element was not published because it is not a valid element in the configuration.
Warning: Artifact:rup_release_notes: IUPP0003W: Element was not published because it is not a valid element in the configuration.
Warning: Role:rup_technical_writer: IUPP0003W: Element was not published because it is not a valid element in the configuration.
Warning: Artifact:rup_workload_analysis_model: IUPP0003W: Element was not published because it is not a valid element in the configuration.
Warning: Artifact:rup_test_class: IUPP0003W: Element was not published because it is not a valid element in the configuration.
Warning: Artifact:rup_test_component: IUPP0003W: Element was not published because it is not a valid element in the configuration.
Warning: Artifact:rup_test_automation_architecture: IUPP0003W: Element was not published because it is not a valid element in the configuration.
Warning: Artifact:rup_test_interface_specification: IUPP0003W: Element was not published because it is not a valid element in the configuration.
Warning: Concept:acceptance_testing: IUPP0003W: Element was not published because it is not a valid element in the configuration.
Warning: CapabilityPattern:deployment: IUPP0003W: Element was not published because it is not a valid element in the configuration.
Warning: Concept:performance_testing: IUPP0003W: Element was not published because it is not a valid element in the configuration.
Warning: Task:define_assessment_and_traceability_needs: IUPP0003W: Element was not published because it is not a valid element in the configuration.
Warning: Role:rup_course_developer: IUPP0003W: Element was not published because it is not a valid element in the configuration.
Warning: Activity:beta_test_product: IUPP0003W: Element was not published because it is not a valid element in the configuration.
Warning: Activity:manage_acceptance_test: IUPP0003W: Element was not published because it is not a valid element in the configuration.
Warning: Activity:develop_support_material: IUPP0003W: Element was not published because it is not a valid element in the configuration.
Warning: Task:develop_development_case: IUPP0003W: Element was not published because it is not a valid element in the configuration.
Warning: Discipline:rup_business_modeling_discipline: IUPP0003W: Element was not published because it is not a valid element in the configuration.
Warning: Artifact:rup_deployment_plan: IUPP0003W: Element was not published because it is not a valid element in the configuration.
Warning: Artifact:rup_product: IUPP0003W: Element was not published because it is not a valid element in the configuration.
Warning: Guideline:test_data: IUPP0003W: Element was not published because it is not a valid element in the configuration.
Warning: Task:compile_software_development_plan: IUPP0003W: Element was not published because it is not a valid element in the configuration.
Warning: Artifact:rup_development_case: IUPP0003W: Element was not published because it is not a valid element in the configuration.
Warning: Concept:types_of_requirements: IUPP0003W: Element was not published because it is not a valid element in the configuration.
Warning: Artifact:rup_requirements_attributes: IUPP0003W: Element was not published because it is not a valid element in the configuration.
Warning: Concept:traceability: IUPP0003W: Element was not published because it is not a valid element in the configuration.
Warning: Task:manage_dependencies: IUPP0003W: Element was not published because it is not a valid element in the configuration.
Warning: Artifact:rup_test_plan: IUPP0003W: Element was not published because it is not a valid element in the configuration.
Warning: Artifact:rup_project_specific_guidelines: IUPP0003W: Element was not published because it is not a valid element in the configuration.
Warning: Task:develop_rm_plan: IUPP0003W: Element was not published because it is not a valid element in the configuration.
Warning: Task:lifecycle_milestone_review: IUPP0003W: Element was not published because it is not a valid element in the configuration.
Warning: Task:project_acceptance_review: IUPP0003W: Element was not published because it is not a valid element in the configuration.
Warning: Guideline:software_development_plan: IUPP0003W: Element was not published because it is not a valid element in the configuration.
